Start testing: Apr 10 12:16 CDT
----------------------------------------------------------
9/9 Testing: integration_gr_uryu
9/9 Test: integration_gr_uryu
Command: "/Users/horay/ptmp/GRASS/build-test/grass_test_gr_uryu"
Directory: /Users/horay/ptmp/GRASS
"integration_gr_uryu" start time: Apr 10 12:16 CDT
Output:
----------------------------------------------------------
  
  
 Theory: General Relativity
 Relaxation scheme: Anderson
           mu-grid: Legendre
  
 # EOS: MPA1                                                                                                                            
 ├─ EOS data is in with log(h_min) =   1.0436494553743547E-006
 └─ Spline tables built
 ------------------------------------
 Rotation Law: Uryu   (lambda1 = 1.500  lambda2 = 0.300)
 ------------------------------------
   Outer boundary:   5.989996406E+02      Resolution: 601 x 41
      Surface eps:   7.800000000E+00
  
 Configurating spherical guess ...
    |      runs      r_is (km)         r (km)        m (M_o)
    |         1       14.10000       12.12049        1.30430
    |         2       14.50326       12.40682        1.30434
    |         3       10.39156       12.40682        1.30434
<end of output>
Test time = 348.61 sec
----------------------------------------------------------
Test Fail Reason:
Required regular expression not found. Regex=[Converged
]
"integration_gr_uryu" end time: Apr 10 12:22 CDT
"integration_gr_uryu" time elapsed: 00:05:48
----------------------------------------------------------

End testing: Apr 10 12:22 CDT

integration = 348.61 sec*proc

